c:\users\lewis\source\repos\my projects\main gui\compilation\extras\vc145.pdb
c:\users\lewis\source\repos\my projects\main gui\compilation\extras\anti_tamper.obj
c:\users\lewis\source\repos\my projects\main gui\compilation\extras\main.obj
c:\users\lewis\source\repos\my projects\main gui\compilation\extras\imgui_widgets.obj
c:\users\lewis\source\repos\my projects\main gui\compilation\extras\imgui_tables.obj
c:\users\lewis\source\repos\my projects\main gui\compilation\extras\imgui_impl_win32.obj
c:\users\lewis\source\repos\my projects\main gui\compilation\extras\imgui_impl_dx11.obj
c:\users\lewis\source\repos\my projects\main gui\compilation\extras\imgui_draw.obj
c:\users\lewis\source\repos\my projects\main gui\compilation\extras\imgui.obj
c:\users\lewis\source\repos\my projects\main gui\compilation\extras\render_gui.obj
c:\users\lewis\source\repos\my projects\main gui\compilation\extras\anti_tamper.h.ifc
c:\users\lewis\source\repos\my projects\main gui\compilation\extras\anti_tamper.h.ifc.d.json
c:\users\lewis\source\repos\my projects\main gui\compilation\extras\anti_tamper.h.obj
c:\users\lewis\source\repos\my projects\main gui\compilation\extras\anti_tamper.h.module.json
c:\users\lewis\source\repos\my projects\main gui\compilation\extras\build.ipdb
c:\users\lewis\source\repos\my projects\main gui\compilation\extras\build.iobj
c:\users\lewis\source\repos\my projects\main gui\compilation\extras\main gui.tlog\cl.command.1.tlog
c:\users\lewis\source\repos\my projects\main gui\compilation\extras\main gui.tlog\cl.items.tlog
c:\users\lewis\source\repos\my projects\main gui\compilation\extras\main gui.tlog\cl.read.1.tlog
c:\users\lewis\source\repos\my projects\main gui\compilation\extras\main gui.tlog\cl.write.1.tlog
c:\users\lewis\source\repos\my projects\main gui\compilation\extras\main gui.tlog\link.command.1.tlog
c:\users\lewis\source\repos\my projects\main gui\compilation\extras\main gui.tlog\link.read.1.tlog
c:\users\lewis\source\repos\my projects\main gui\compilation\extras\main gui.tlog\link.secondary.1.tlog
c:\users\lewis\source\repos\my projects\main gui\compilation\extras\main gui.tlog\link.write.1.tlog
c:\users\lewis\source\repos\my projects\main gui\compilation\extras\main gui_md.tlog\cl.command.1.tlog
c:\users\lewis\source\repos\my projects\main gui\compilation\extras\main gui_md.tlog\microsoft.build.cpptasks.cl.read.1.tlog
c:\users\lewis\source\repos\my projects\main gui\compilation\extras\main gui_md.tlog\microsoft.build.cpptasks.cl.write.1.tlog
